app/build/intermediates/manifest_merge_blame_file/debug/manifest-merger-blame-debug-report.txt
1<?xml version="1.0" encoding="utf-8"?>
2<manifest xmlns:android="http://schemas.android.com/apk/res/android"
3    package="org.instk.demo_1001"
4    android:versionCode="1"
5    android:versionName="1.0" >
6
7    <uses-sdk
8        android:minSdkVersion="26"
8-->src\main\AndroidManifest.xml
9        android:targetSdkVersion="28" />
9-->src\main\AndroidManifest.xml
10
11    <uses-feature
11-->src\main\AndroidManifest.xml:7:5-9:35
12        android:name="android.hardware.sensor.accelerometer"
12-->src\main\AndroidManifest.xml:8:9-61
13        android:required="true" />
13-->src\main\AndroidManifest.xml:9:9-32
14    <uses-feature
14-->src\main\AndroidManifest.xml:10:5-12:36
15        android:name="android.hardware.sensor.gyroscope"
15-->src\main\AndroidManifest.xml:11:9-57
16        android:required="false" />
16-->src\main\AndroidManifest.xml:12:9-33
17    <uses-feature
17-->src\main\AndroidManifest.xml:13:5-15:36
18        android:name="android.hardware.sensor.compass"
18-->src\main\AndroidManifest.xml:14:9-55
19        android:required="false" />
19-->src\main\AndroidManifest.xml:15:9-33
20    <uses-feature android:glEsVersion="0x00010001" />
20-->src\main\AndroidManifest.xml:16:5-54
20-->src\main\AndroidManifest.xml:16:19-51
21
22    <application
22-->src\main\AndroidManifest.xml:18:5-43:19
23        android:allowBackup="true"
23-->src\main\AndroidManifest.xml:22:9-35
24        android:appComponentFactory="android.support.v4.app.CoreComponentFactory"
24-->[com.android.support:support-compat:28.0.0] AndroidManifest.xml:22:18-91
25        android:debuggable="true"
26        android:icon="@drawable/icon"
26-->src\main\AndroidManifest.xml:19:9-38
27        android:label="@string/app_name"
27-->src\main\AndroidManifest.xml:27:9-41
28        android:supportsRtl="true"
28-->src\main\AndroidManifest.xml:23:9-35
29        android:theme="@style/Theme.AppCompat" >
29-->src\main\AndroidManifest.xml:24:9-47
30        <activity android:name="org.instk.demo_1001.MainActivity" >
30-->src\main\AndroidManifest.xml:30:9-36:20
30-->src\main\AndroidManifest.xml:30:19-47
31            <intent-filter>
31-->src\main\AndroidManifest.xml:31:13-35:29
32                <action android:name="android.intent.action.MAIN" />
32-->src\main\AndroidManifest.xml:32:17-69
32-->src\main\AndroidManifest.xml:32:25-66
33
34                <category android:name="android.intent.category.LAUNCHER" />
34-->src\main\AndroidManifest.xml:34:17-77
34-->src\main\AndroidManifest.xml:34:27-74
35            </intent-filter>
36        </activity>
37        <activity
37-->src\main\AndroidManifest.xml:37:9-42:20
38            android:name="org.instk.demo_1001.main"
38-->src\main\AndroidManifest.xml:38:13-33
39            android:label="@string/app_name"
39-->src\main\AndroidManifest.xml:39:13-45
40            android:screenOrientation="portrait" >
40-->src\main\AndroidManifest.xml:40:13-49
41        </activity>
42    </application>
43
44</manifest>